<?xml version="1.0" encoding="UTF-8"?>
<!-- Generated by org.testng.reporters.JUnitReportReporter -->
<testsuite skipped="0" hostname="INSWL-JZ5F5S2" name="org.example.SampleTest" tests="1" failures="0" timestamp="2023-09-25T19:23:25 IST" time="0.011" errors="0">
  <testcase name="test" time="0.011" classname="org.example.SampleTest"/>
  <system-out/>
</testsuite> <!-- org.example.SampleTest -->
