<?xml version="1.0" encoding="UTF-8"?>
<!-- Generated by org.testng.reporters.JUnitReportReporter -->
<testsuite skipped="0" hostname="APAC-O7h98lBhG3" name="org.example.SampleTest" tests="1" failures="0" timestamp="2023-09-22T20:42:56 IST" time="0.028" errors="0">
  <testcase name="test" time="0.028" classname="org.example.SampleTest"/>
  <system-out/>
</testsuite> <!-- org.example.SampleTest -->
